<?xml version="1.0" encoding="UTF-8"?>
<!-- Generated by org.testng.reporters.JUnitReportReporter -->
<testsuite hostname="DESKTOP-98O1PSG" failures="0" tests="3" name="MobileAppTestingFrameWork.ProfuleUpdateTest" time="51.352" errors="0" timestamp="07 Sep 2024 05:25:01 GMT" skipped="0">
  <testcase classname="MobileAppTestingFrameWork.ProfuleUpdateTest" name="WelcomeMsgPageTransitionTest" time="3.171"/>
  <testcase classname="MobileAppTestingFrameWork.ProfuleUpdateTest" name="ProperLogin" time="12.600"/>
  <testcase classname="MobileAppTestingFrameWork.ProfuleUpdateTest" name="ProfuleUpdatest" time="35.581"/>
</testsuite> <!-- MobileAppTestingFrameWork.ProfuleUpdateTest -->
