<?xml version="1.0" encoding="UTF-8"?>
<!-- Generated by org.testng.reporters.JUnitReportReporter -->
<testsuite hostname="nikPC" failures="0" tests="3" name="AllTestClasses.ProfileUpdateTest" time="47.090" errors="0" timestamp="29 Sep 2024 11:58:15 GMT" skipped="0">
  <testcase classname="AllTestClasses.ProfileUpdateTest" name="WelcomeMsgPageTransitionTest" time="3.186"/>
  <testcase classname="AllTestClasses.ProfileUpdateTest" name="ProperLogin" time="9.503"/>
  <testcase classname="AllTestClasses.ProfileUpdateTest" name="ProfuleUpdatest" time="34.401"/>
</testsuite> <!-- AllTestClasses.ProfileUpdateTest -->
