<?xml version="1.0" encoding="UTF-8"?>
<!-- Generated by org.testng.reporters.JUnitReportReporter -->
<testsuite hostname="nikPC" failures="0" tests="4" name="MobileAppTestingFrameWork.LoginPageTest" time="38.332" errors="0" timestamp="10 Sep 2024 11:29:27 GMT" skipped="0">
  <testcase classname="MobileAppTestingFrameWork.LoginPageTest" name="incorrectPasswordTest" time="13.121"/>
  <testcase classname="MobileAppTestingFrameWork.LoginPageTest" name="BlankNumberFieldTest" time="8.156"/>
  <testcase classname="MobileAppTestingFrameWork.LoginPageTest" name="BlankPsswordFieldTest" time="5.538"/>
  <testcase classname="MobileAppTestingFrameWork.LoginPageTest" name="ProperLogin" time="11.517"/>
</testsuite> <!-- MobileAppTestingFrameWork.LoginPageTest -->
