<?xml version="1.0" encoding="UTF-8"?>
<!-- Generated by org.testng.reporters.JUnitReportReporter -->
<testsuite hostname="DESKTOP-98O1PSG" failures="0" tests="2" name="AllTestClasses.loginDataDriverTestV2" time="68.390" errors="0" timestamp="15 Sep 2024 10:57:35 GMT" skipped="0">
  <testcase classname="AllTestClasses.loginDataDriverTestV2" name="skip" time="1.911"/>
  <testcase classname="AllTestClasses.loginDataDriverTestV2" name="incorrectPasswordTest" time="66.479"/>
</testsuite> <!-- AllTestClasses.loginDataDriverTestV2 -->
