<?xml version="1.0" encoding="UTF-8"?>
<!-- Generated by org.testng.reporters.JUnitReportReporter -->
<testsuite hostname="DESKTOP-98O1PSG" failures="0" tests="3" name="MobileAppTestingFrameWork.AddcreditTest" time="40.909" errors="0" timestamp="11 Sep 2024 15:34:10 GMT" skipped="0">
  <testcase classname="MobileAppTestingFrameWork.AddcreditTest" name="WelcomeMsgPageTransitionTest" time="3.357"/>
  <testcase classname="MobileAppTestingFrameWork.AddcreditTest" name="ProperLogin" time="12.146"/>
  <testcase classname="MobileAppTestingFrameWork.AddcreditTest" name="AddCreditTest" time="25.406"/>
</testsuite> <!-- MobileAppTestingFrameWork.AddcreditTest -->
