<?xml version="1.0" encoding="UTF-8"?>
<!-- Generated by org.testng.reporters.JUnitReportReporter -->
<testsuite hostname="DESKTOP-98O1PSG" failures="0" tests="4" name="MobileAppTestingFrameWork.LoginPageTest" time="38.383" errors="0" timestamp="07 Sep 2024 05:28:03 GMT" skipped="0">
  <testcase classname="MobileAppTestingFrameWork.LoginPageTest" name="incorrectPasswordTest" time="13.423"/>
  <testcase classname="MobileAppTestingFrameWork.LoginPageTest" name="BlankNumberFieldTest" time="8.057"/>
  <testcase classname="MobileAppTestingFrameWork.LoginPageTest" name="BlankPsswordFieldTest" time="5.622"/>
  <testcase classname="MobileAppTestingFrameWork.LoginPageTest" name="ProperLogin" time="11.281"/>
</testsuite> <!-- MobileAppTestingFrameWork.LoginPageTest -->
