<?xml version="1.0" encoding="UTF-8"?>
<!-- Generated by org.testng.reporters.JUnitReportReporter -->
<testsuite hostname="DESKTOP-98O1PSG" failures="0" tests="3" name="MobileAppTestingFrameWork.AddcreditTest" time="36.874" errors="0" timestamp="08 Sep 2024 14:49:53 GMT" skipped="0">
  <testcase classname="MobileAppTestingFrameWork.AddcreditTest" name="WelcomeMsgPageTransitionTest" time="3.285"/>
  <testcase classname="MobileAppTestingFrameWork.AddcreditTest" name="ProperLogin" time="11.265"/>
  <testcase classname="MobileAppTestingFrameWork.AddcreditTest" name="AddCreditTest" time="22.324"/>
</testsuite> <!-- MobileAppTestingFrameWork.AddcreditTest -->
