<?xml version="1.0" encoding="UTF-8"?>
<!-- Generated by org.testng.reporters.JUnitReportReporter -->
<testsuite hostname="DESKTOP-98O1PSG" failures="0" tests="3" name="MobileAppTestingFrameWork.ProfileEditorTest" time="49.070" errors="0" timestamp="06 Sep 2024 16:29:54 GMT" skipped="0">
  <testcase classname="MobileAppTestingFrameWork.ProfileEditorTest" name="WelcomeMsgPageTransitionTest" time="3.274"/>
  <testcase classname="MobileAppTestingFrameWork.ProfileEditorTest" name="ProperLogin" time="11.333"/>
  <testcase classname="MobileAppTestingFrameWork.ProfileEditorTest" name="profileEditTest" time="34.463"/>
</testsuite> <!-- MobileAppTestingFrameWork.ProfileEditorTest -->
