<?xml version="1.0" encoding="UTF-8"?>
<!-- Generated by org.testng.reporters.JUnitReportReporter -->
<testsuite hostname="DESKTOP-98O1PSG" failures="0" tests="3" name="MobileAppTestingFrameWork.DashBoardTest" time="21.866" errors="0" timestamp="08 Sep 2024 12:27:33 GMT" skipped="0">
  <testcase classname="MobileAppTestingFrameWork.DashBoardTest" name="WelcomeMsgPageTransitionTest" time="3.027"/>
  <testcase classname="MobileAppTestingFrameWork.DashBoardTest" name="ProperLogin" time="11.283"/>
  <testcase classname="MobileAppTestingFrameWork.DashBoardTest" name="AddCreditTest" time="7.556"/>
</testsuite> <!-- MobileAppTestingFrameWork.DashBoardTest -->
