<?xml version="1.0" encoding="UTF-8"?>
<!-- Generated by org.testng.reporters.JUnitReportReporter -->
<testsuite hostname="DESKTOP-98O1PSG" failures="0" tests="4" name="AllTestClasses.NewAppDashBoardTest" time="31.682" errors="0" timestamp="18 Sep 2024 12:46:01 GMT" skipped="0">
  <testcase classname="AllTestClasses.NewAppDashBoardTest" name="ProperLogin" time="12.343"/>
  <testcase classname="AllTestClasses.NewAppDashBoardTest" name="yourCreditScoreCheck" time="11.058"/>
  <testcase classname="AllTestClasses.NewAppDashBoardTest" name="ScrollToEndTest" time="5.384"/>
  <testcase classname="AllTestClasses.NewAppDashBoardTest" name="ServicesSectionCheck" time="2.897"/>
</testsuite> <!-- AllTestClasses.NewAppDashBoardTest -->
