<?xml version="1.0" encoding="UTF-8"?>
<!-- Generated by org.testng.reporters.JUnitReportReporter -->
<testsuite hostname="DESKTOP-98O1PSG" failures="0" tests="3" name="MobileAppTestingFrameWork.AddcreditTest" time="39.065" errors="0" timestamp="08 Sep 2024 17:51:01 GMT" skipped="0">
  <testcase classname="MobileAppTestingFrameWork.AddcreditTest" name="WelcomeMsgPageTransitionTest" time="3.005"/>
  <testcase classname="MobileAppTestingFrameWork.AddcreditTest" name="ProperLogin" time="11.382"/>
  <testcase classname="MobileAppTestingFrameWork.AddcreditTest" name="AddCreditTest" time="24.678"/>
</testsuite> <!-- MobileAppTestingFrameWork.AddcreditTest -->
