<?xml version="1.0" encoding="UTF-8"?>
<!-- Generated by org.testng.reporters.JUnitReportReporter -->
<testsuite hostname="nikPC" failures="0" tests="3" name="MobileAppTestingFrameWork.AddcreditTest" time="39.449" errors="0" timestamp="10 Sep 2024 10:40:42 GMT" skipped="0">
  <testcase classname="MobileAppTestingFrameWork.AddcreditTest" name="WelcomeMsgPageTransitionTest" time="2.968"/>
  <testcase classname="MobileAppTestingFrameWork.AddcreditTest" name="ProperLogin" time="12.740"/>
  <testcase classname="MobileAppTestingFrameWork.AddcreditTest" name="AddCreditTest" time="23.741"/>
</testsuite> <!-- MobileAppTestingFrameWork.AddcreditTest -->
