<?xml version="1.0" encoding="UTF-8"?>
<!-- Generated by org.testng.reporters.JUnitReportReporter -->
<testsuite hostname="DESKTOP-98O1PSG" failures="0" tests="3" name="MobileAppTestingFrameWork.AddcreditTest" time="38.868" errors="0" timestamp="09 Sep 2024 05:11:56 GMT" skipped="0">
  <testcase classname="MobileAppTestingFrameWork.AddcreditTest" name="WelcomeMsgPageTransitionTest" time="2.987"/>
  <testcase classname="MobileAppTestingFrameWork.AddcreditTest" name="ProperLogin" time="11.312"/>
  <testcase classname="MobileAppTestingFrameWork.AddcreditTest" name="AddCreditTest" time="24.569"/>
</testsuite> <!-- MobileAppTestingFrameWork.AddcreditTest -->
