<?xml version="1.0" encoding="UTF-8"?>
<!-- Generated by org.testng.reporters.JUnitReportReporter -->
<testsuite hostname="DESKTOP-98O1PSG" failures="0" tests="2" name="AllTestClasses.welcomeMsgTest" time="15.262" errors="0" timestamp="15 Sep 2024 16:16:09 GMT" skipped="0">
  <testcase classname="AllTestClasses.welcomeMsgTest" name="WelcomeMsgPageTransitionTest" time="3.132"/>
  <testcase classname="AllTestClasses.welcomeMsgTest" name="ProperLogin" time="12.130"/>
</testsuite> <!-- AllTestClasses.welcomeMsgTest -->
