<?xml version="1.0" encoding="UTF-8"?>
<!-- Generated by org.testng.reporters.JUnitReportReporter -->
<testsuite hostname="DESKTOP-98O1PSG" failures="0" tests="3" name="MobileAppTestingFrameWork.ProfuleUpdateTest" time="49.284" errors="0" timestamp="06 Sep 2024 16:42:26 GMT" skipped="0">
  <testcase classname="MobileAppTestingFrameWork.ProfuleUpdateTest" name="WelcomeMsgPageTransitionTest" time="3.029"/>
  <testcase classname="MobileAppTestingFrameWork.ProfuleUpdateTest" name="ProperLogin" time="11.524"/>
  <testcase classname="MobileAppTestingFrameWork.ProfuleUpdateTest" name="ProfuleUpdate" time="34.731"/>
</testsuite> <!-- MobileAppTestingFrameWork.ProfuleUpdateTest -->
