<?xml version="1.0" encoding="UTF-8"?>
<!-- Generated by org.testng.reporters.JUnitReportReporter -->
<testsuite hostname="DESKTOP-98O1PSG" failures="0" tests="8" name="AllTestClasses.LoginDataDriverTestingWithJsonFile" time="81.249" errors="0" timestamp="15 Sep 2024 10:42:37 GMT" skipped="0">
  <testcase classname="AllTestClasses.LoginDataDriverTestingWithJsonFile" name="skip" time="1.928"/>
  <testcase classname="AllTestClasses.LoginDataDriverTestingWithJsonFile" name="incorrectPasswordTest" time="11.142"/>
  <testcase classname="AllTestClasses.LoginDataDriverTestingWithJsonFile" name="incorrectPasswordTest" time="10.855"/>
  <testcase classname="AllTestClasses.LoginDataDriverTestingWithJsonFile" name="incorrectPasswordTest" time="11.233"/>
  <testcase classname="AllTestClasses.LoginDataDriverTestingWithJsonFile" name="incorrectPasswordTest" time="10.915"/>
  <testcase classname="AllTestClasses.LoginDataDriverTestingWithJsonFile" name="incorrectPasswordTest" time="12.473"/>
  <testcase classname="AllTestClasses.LoginDataDriverTestingWithJsonFile" name="incorrectPasswordTest" time="11.368"/>
  <testcase classname="AllTestClasses.LoginDataDriverTestingWithJsonFile" name="incorrectPasswordTest" time="11.335"/>
</testsuite> <!-- AllTestClasses.LoginDataDriverTestingWithJsonFile -->
