<?xml version="1.0" encoding="UTF-8"?>
<!-- Generated by org.testng.reporters.JUnitReportReporter -->
<testsuite hostname="DESKTOP-98O1PSG" failures="0" tests="3" name="MobileAppTestingFrameWork.yourOfferProductFindTest" time="75.760" errors="0" timestamp="09 Sep 2024 16:15:01 GMT" skipped="0">
  <testcase classname="MobileAppTestingFrameWork.yourOfferProductFindTest" name="WelcomeMsgPageTransitionTest" time="3.154"/>
  <testcase classname="MobileAppTestingFrameWork.yourOfferProductFindTest" name="ProperLogin" time="12.480"/>
  <testcase classname="MobileAppTestingFrameWork.yourOfferProductFindTest" name="yourOfferTest" time="60.126"/>
</testsuite> <!-- MobileAppTestingFrameWork.yourOfferProductFindTest -->
