<?xml version="1.0" encoding="UTF-8"?>
<!-- Generated by org.testng.reporters.JUnitReportReporter -->
<testsuite hostname="DESKTOP-98O1PSG" failures="0" tests="4" name="MobileAppTestingFrameWork.LoginPageTest" time="38.064" errors="0" timestamp="06 Sep 2024 08:57:49 GMT" skipped="0">
  <testcase classname="MobileAppTestingFrameWork.LoginPageTest" name="incorrectPasswordTest" time="13.365"/>
  <testcase classname="MobileAppTestingFrameWork.LoginPageTest" name="BlankNumberFieldTest" time="8.150"/>
  <testcase classname="MobileAppTestingFrameWork.LoginPageTest" name="BlankPsswordFieldTest" time="5.611"/>
  <testcase classname="MobileAppTestingFrameWork.LoginPageTest" name="ProperLogin" time="10.938"/>
</testsuite> <!-- MobileAppTestingFrameWork.LoginPageTest -->
