<?xml version="1.0" encoding="UTF-8"?>
<!-- Generated by org.testng.reporters.JUnitReportReporter -->
<testsuite hostname="DESKTOP-98O1PSG" failures="0" tests="3" name="AllTestClasses.ProfileUpdateTest" time="46.625" errors="0" timestamp="17 Sep 2024 17:00:20 GMT" skipped="0">
  <testcase classname="AllTestClasses.ProfileUpdateTest" name="WelcomeMsgPageTransitionTest" time="3.058"/>
  <testcase classname="AllTestClasses.ProfileUpdateTest" name="ProperLogin" time="8.899"/>
  <testcase classname="AllTestClasses.ProfileUpdateTest" name="ProfuleUpdatest" time="34.668"/>
</testsuite> <!-- AllTestClasses.ProfileUpdateTest -->
