<?xml version="1.0" encoding="UTF-8"?>
<!-- Generated by org.testng.reporters.JUnitReportReporter -->
<testsuite hostname="nikPC" failures="0" tests="3" name="MobileAppTestingFrameWork.ProfileUpdateTest" time="50.083" errors="0" timestamp="10 Sep 2024 11:31:05 GMT" skipped="0">
  <testcase classname="MobileAppTestingFrameWork.ProfileUpdateTest" name="WelcomeMsgPageTransitionTest" time="3.390"/>
  <testcase classname="MobileAppTestingFrameWork.ProfileUpdateTest" name="ProperLogin" time="11.158"/>
  <testcase classname="MobileAppTestingFrameWork.ProfileUpdateTest" name="ProfuleUpdatest" time="35.535"/>
</testsuite> <!-- MobileAppTestingFrameWork.ProfileUpdateTest -->
