<?xml version="1.0" encoding="UTF-8"?>
<!-- Generated by org.testng.reporters.JUnitReportReporter -->
<testsuite hostname="DESKTOP-98O1PSG" failures="0" tests="2" name="MobileAppTestingFrameWork.welcomeMsgTest" time="14.629" errors="0" timestamp="06 Sep 2024 07:46:42 GMT" skipped="0">
  <testcase classname="MobileAppTestingFrameWork.welcomeMsgTest" name="WelcomeMsgPageTransitionTest" time="3.048"/>
  <testcase classname="MobileAppTestingFrameWork.welcomeMsgTest" name="ProperLogin" time="11.581"/>
</testsuite> <!-- MobileAppTestingFrameWork.welcomeMsgTest -->
